<?xml version="1.0" encoding="UTF-8"?>
<Site BuildName="Win32-MSBuild"
	BuildStamp="20230906-0001-Experimental"
	Name="LandonDesktop"
	Generator="ctest-3.27.3"
	CompilerName=""
	CompilerVersion=""
	OSName="Windows"
	Hostname="LandonDesktop"
	OSRelease=" Personal"
	OSVersion=" (Build 22621)"
	OSPlatform="AMD64"
	Is64Bits="1"
	VendorString="GenuineIntel"
	VendorID="Intel Corporation"
	FamilyID="6"
	ModelID="5"
	ProcessorCacheSize="-1"
	NumberOfLogicalCPU="16"
	NumberOfPhysicalCPU="8"
	TotalVirtualMemory="34740"
	TotalPhysicalMemory="32692"
	LogicalProcessorsPerPhysical="2"
	ProcessorClockFrequency="3791"
	>
	<Testing>
		<StartDateTime>Sep 05 20:01 Eastern Daylight Time</StartDateTime>
		<StartTestTime>1693958461</StartTestTime>
		<TestList/>
		<EndDateTime>Sep 05 20:01 Eastern Daylight Time</EndDateTime>
		<EndTestTime>1693958461</EndTestTime>
		<ElapsedMinutes>0</ElapsedMinutes>
	</Testing>
</Site>
